Arguments: 
  /usr/local/bin/node /usr/local/bin/yarn add file-loader

PATH: 
  /Users/lipanke/.sdkman/candidates/gradle/current/bin:/Library/Frameworks/Python.framework/Versions/3.6/bin:/Library/Frameworks/Python.framework/Versions/3.6/bin:/usr/local/bin:/usr/bin:/bin:/usr/sbin:/sbin:/Users/lipanke/Documents/haowailai/apache-maven-3.5.0/bin:/Users/lipanke/.npm-global/lib/node_modules/typescript/bin

Yarn version: 
  1.3.2

Node version: 
  14.4.0

Platform: 
  darwin x64

npm manifest: 
  {
    "name": "01day",
    "version": "1.0.0",
    "description": "",
    "main": "webpack.config.js",
    "dependencies": {
      "webpack": "^4.43.0",
      "webpack-cli": "^3.3.11"
    },
    "devDependencies": {},
    "scripts": {
      "bundle": "webpack"
    },
    "author": "",
    "license": "ISC"
  }

yarn manifest: 
  No manifest

Lockfile: 
  No lockfile

Trace: 
  Error: EACCES: permission denied, unlink '/Users/lipanke/Documents/my2/wabpack/webpack4/01day/node_modules/.yarn-integrity'
